<?xml version="1.0" encoding="UTF-8"?>
<testsuite name="basic_demo.AppTest" tests="1" skipped="0" failures="0" errors="0" timestamp="2024-04-02T09:22:41" hostname="HP" time="0.004">
  <properties/>
  <testcase name="testAppHasAGreeting" classname="basic_demo.AppTest" time="0.004"/>
  <system-out><![CDATA[]]></system-out>
  <system-err><![CDATA[]]></system-err>
</testsuite>
